2022-08-03 11:32:58.592  INFO 5844 --- [main] com.User.CrudApiApplicationTests         : Starting CrudApiApplicationTests using Java 17.0.1 on KAPR-HYD-00 with PID 5844 (started by kamal.prasad in C:\Users\kamal.prasad\Desktop\CrudApi)
2022-08-03 11:32:58.596  INFO 5844 --- [main] com.User.CrudApiApplicationTests         : No active profile set, falling back to 1 default profile: "default"
2022-08-03 11:33:01.019  INFO 5844 --- [main] .s.d.r.c.RepositoryConfigurationDelegate : Bootstrapping Spring Data JPA repositories in DEFAULT mode.
2022-08-03 11:33:01.161  INFO 5844 --- [main] .s.d.r.c.RepositoryConfigurationDelegate : Finished Spring Data repository scanning in 116 ms. Found 1 JPA repository interfaces.
2022-08-03 11:33:02.622  INFO 5844 --- [main] o.hibernate.jpa.internal.util.LogHelper  : HHH000204: Processing PersistenceUnitInfo [name: default]
2022-08-03 11:33:02.820  INFO 5844 --- [main] org.hibernate.Version                    : HHH000412: Hibernate ORM core version 5.6.10.Final
2022-08-03 11:33:03.425  INFO 5844 --- [main] o.hibernate.annotations.common.Version   : HCANN000001: Hibernate Commons Annotations {5.1.2.Final}
2022-08-03 11:33:11.901  INFO 5844 --- [main] com.zaxxer.hikari.HikariDataSource       : HikariPool-1 - Starting...
2022-08-03 11:33:12.575  INFO 5844 --- [main] com.zaxxer.hikari.HikariDataSource       : HikariPool-1 - Start completed.
2022-08-03 11:33:12.665  INFO 5844 --- [main] org.hibernate.dialect.Dialect            : HHH000400: Using dialect: org.hibernate.dialect.MySQL8Dialect
2022-08-03 11:33:14.123  INFO 5844 --- [main] o.h.e.t.j.p.i.JtaPlatformInitiator       : HHH000490: Using JtaPlatform implementation: [org.hibernate.engine.transaction.jta.platform.internal.NoJtaPlatform]
2022-08-03 11:33:14.138  INFO 5844 --- [main] j.LocalContainerEntityManagerFactoryBean : Initialized JPA EntityManagerFactory for persistence unit 'default'
2022-08-03 11:33:15.590  WARN 5844 --- [main] JpaBaseConfiguration$JpaWebConfiguration : spring.jpa.open-in-view is enabled by default. Therefore, database queries may be performed during view rendering. Explicitly configure spring.jpa.open-in-view to disable this warning
2022-08-03 11:33:16.444  INFO 5844 --- [main] pertySourcedRequestMappingHandlerMapping : Mapped URL path [/v2/api-docs] onto method [springfox.documentation.swagger2.web.Swagger2Controller#getDocumentation(String, HttpServletRequest)]
2022-08-03 11:33:19.034  INFO 5844 --- [main] o.s.b.t.m.w.SpringBootMockServletContext : Initializing Spring TestDispatcherServlet ''
2022-08-03 11:33:19.036  INFO 5844 --- [main] o.s.t.web.servlet.TestDispatcherServlet  : Initializing Servlet ''
2022-08-03 11:33:19.038  INFO 5844 --- [main] o.s.t.web.servlet.TestDispatcherServlet  : Completed initialization in 2 ms
2022-08-03 11:33:19.067  INFO 5844 --- [main] d.s.w.p.DocumentationPluginsBootstrapper : Context refreshed
2022-08-03 11:33:19.126  INFO 5844 --- [main] d.s.w.p.DocumentationPluginsBootstrapper : Found 1 custom documentation plugin(s)
2022-08-03 11:33:19.185  INFO 5844 --- [main] s.d.s.w.s.ApiListingReferenceScanner     : Scanning for api listing references
2022-08-03 11:33:19.678  INFO 5844 --- [main] .d.s.w.r.o.CachingOperationNameGenerator : Generating unique operation named: openapiJsonUsingGET_1
2022-08-03 11:33:19.880  INFO 5844 --- [main] com.User.CrudApiApplicationTests         : Started CrudApiApplicationTests in 22.249 seconds (JVM running for 27.456)
2022-08-03 11:33:20.589  INFO 5844 --- [main] com.User.CrudApiApplication              : Starting CrudApiApplication using Java 17.0.1 on KAPR-HYD-00 with PID 5844 (started by kamal.prasad in C:\Users\kamal.prasad\Desktop\CrudApi)
2022-08-03 11:33:20.590  INFO 5844 --- [main] com.User.CrudApiApplication              : No active profile set, falling back to 1 default profile: "default"
2022-08-03 11:33:21.117  INFO 5844 --- [main] .s.d.r.c.RepositoryConfigurationDelegate : Bootstrapping Spring Data JPA repositories in DEFAULT mode.
2022-08-03 11:33:21.132  INFO 5844 --- [main] .s.d.r.c.RepositoryConfigurationDelegate : Finished Spring Data repository scanning in 13 ms. Found 1 JPA repository interfaces.
2022-08-03 11:33:21.513  INFO 5844 --- [main] o.s.b.w.embedded.tomcat.TomcatWebServer  : Tomcat initialized with port(s): 9090 (http)
2022-08-03 11:33:21.538  INFO 5844 --- [main] o.apache.catalina.core.StandardService   : Starting service [Tomcat]
2022-08-03 11:33:21.539  INFO 5844 --- [main] org.apache.catalina.core.StandardEngine  : Starting Servlet engine: [Apache Tomcat/9.0.65]
2022-08-03 11:33:21.921  INFO 5844 --- [main] o.a.c.c.C.[Tomcat].[localhost].[/]       : Initializing Spring embedded WebApplicationContext
2022-08-03 11:33:21.922  INFO 5844 --- [main] w.s.c.ServletWebServerApplicationContext : Root WebApplicationContext: initialization completed in 1325 ms
2022-08-03 11:33:22.094  INFO 5844 --- [main] o.hibernate.jpa.internal.util.LogHelper  : HHH000204: Processing PersistenceUnitInfo [name: default]
2022-08-03 11:33:22.104  INFO 5844 --- [main] com.zaxxer.hikari.HikariDataSource       : HikariPool-2 - Starting...
2022-08-03 11:33:22.132  INFO 5844 --- [main] com.zaxxer.hikari.HikariDataSource       : HikariPool-2 - Start completed.
2022-08-03 11:33:22.132  INFO 5844 --- [main] org.hibernate.dialect.Dialect            : HHH000400: Using dialect: org.hibernate.dialect.MySQL8Dialect
2022-08-03 11:33:22.192  INFO 5844 --- [main] o.h.e.t.j.p.i.JtaPlatformInitiator       : HHH000490: Using JtaPlatform implementation: [org.hibernate.engine.transaction.jta.platform.internal.NoJtaPlatform]
2022-08-03 11:33:22.193  INFO 5844 --- [main] j.LocalContainerEntityManagerFactoryBean : Initialized JPA EntityManagerFactory for persistence unit 'default'
2022-08-03 11:33:22.439  WARN 5844 --- [main] JpaBaseConfiguration$JpaWebConfiguration : spring.jpa.open-in-view is enabled by default. Therefore, database queries may be performed during view rendering. Explicitly configure spring.jpa.open-in-view to disable this warning
2022-08-03 11:33:22.504  INFO 5844 --- [main] pertySourcedRequestMappingHandlerMapping : Mapped URL path [/v2/api-docs] onto method [springfox.documentation.swagger2.web.Swagger2Controller#getDocumentation(String, HttpServletRequest)]
2022-08-03 11:33:23.431  INFO 5844 --- [main] o.s.b.w.embedded.tomcat.TomcatWebServer  : Tomcat started on port(s): 9090 (http) with context path ''
2022-08-03 11:33:23.433  INFO 5844 --- [main] d.s.w.p.DocumentationPluginsBootstrapper : Context refreshed
2022-08-03 11:33:23.434  INFO 5844 --- [main] d.s.w.p.DocumentationPluginsBootstrapper : Found 1 custom documentation plugin(s)
2022-08-03 11:33:23.442  INFO 5844 --- [main] s.d.s.w.s.ApiListingReferenceScanner     : Scanning for api listing references
2022-08-03 11:33:23.511  INFO 5844 --- [main] .d.s.w.r.o.CachingOperationNameGenerator : Generating unique operation named: openapiJsonUsingGET_1
2022-08-03 11:33:23.544  INFO 5844 --- [main] com.User.CrudApiApplication              : Started CrudApiApplication in 3.017 seconds (JVM running for 31.12)
2022-08-03 11:33:23.594  INFO 5844 --- [main] .b.t.c.SpringBootTestContextBootstrapper : Neither @ContextConfiguration nor @ContextHierarchy found for test class [com.User.Controller.UserControllerTest], using SpringBootContextLoader
2022-08-03 11:33:23.596  INFO 5844 --- [main] o.s.t.c.support.AbstractContextLoader    : Could not detect default resource locations for test class [com.User.Controller.UserControllerTest]: no resource found for suffixes {-context.xml, Context.groovy}.
2022-08-03 11:33:23.596  INFO 5844 --- [main] t.c.s.AnnotationConfigContextLoaderUtils : Could not detect default configuration classes for test class [com.User.Controller.UserControllerTest]: UserControllerTest does not declare any static, non-private, non-final, nested classes annotated with @Configuration.
2022-08-03 11:33:23.615  INFO 5844 --- [main] .b.t.c.SpringBootTestContextBootstrapper : Found @SpringBootConfiguration com.User.CrudApiApplication for test class com.User.Controller.UserControllerTest
2022-08-03 11:33:23.618  INFO 5844 --- [main] .b.t.c.SpringBootTestContextBootstrapper : Loaded default TestExecutionListener class names from location [META-INF/spring.factories]: [org.springframework.boot.test.mock.mockito.MockitoTestExecutionListener, org.springframework.boot.test.mock.mockito.ResetMocksTestExecutionListener, org.springframework.boot.test.autoconfigure.restdocs.RestDocsTestExecutionListener, org.springframework.boot.test.autoconfigure.web.client.MockRestServiceServerResetTestExecutionListener, org.springframework.boot.test.autoconfigure.web.servlet.MockMvcPrintOnlyOnFailureTestExecutionListener, org.springframework.boot.test.autoconfigure.web.servlet.WebDriverTestExecutionListener, org.springframework.boot.test.autoconfigure.webservices.client.MockWebServiceServerTestExecutionListener, org.springframework.test.context.web.ServletTestExecutionListener, org.springframework.test.context.support.DirtiesContextBeforeModesTestExecutionListener, org.springframework.test.context.event.ApplicationEventsTestExecutionListener, org.springframework.test.context.support.DependencyInjectionTestExecutionListener, org.springframework.test.context.support.DirtiesContextTestExecutionListener, org.springframework.test.context.transaction.TransactionalTestExecutionListener, org.springframework.test.context.jdbc.SqlScriptsTestExecutionListener, org.springframework.test.context.event.EventPublishingTestExecutionListener]
2022-08-03 11:33:23.619  INFO 5844 --- [main] .b.t.c.SpringBootTestContextBootstrapper : Using TestExecutionListeners: [org.springframework.test.context.web.ServletTestExecutionListener@4331efd5, org.springframework.test.context.support.DirtiesContextBeforeModesTestExecutionListener@2f8b1f0f, org.springframework.test.context.event.ApplicationEventsTestExecutionListener@43c25f78, org.springframework.boot.test.mock.mockito.MockitoTestExecutionListener@342e0afd, org.springframework.boot.test.autoconfigure.SpringBootDependencyInjectionTestExecutionListener@78ad04ea, org.springframework.test.context.support.DirtiesContextTestExecutionListener@fa90f97, org.springframework.test.context.transaction.TransactionalTestExecutionListener@5ec1b885, org.springframework.test.context.jdbc.SqlScriptsTestExecutionListener@1afc3842, org.springframework.test.context.event.EventPublishingTestExecutionListener@ae6f5a3, org.springframework.boot.test.mock.mockito.ResetMocksTestExecutionListener@4df496df, org.springframework.boot.test.autoconfigure.restdocs.RestDocsTestExecutionListener@1e221a74, org.springframework.boot.test.autoconfigure.web.client.MockRestServiceServerResetTestExecutionListener@65670fda, org.springframework.boot.test.autoconfigure.web.servlet.MockMvcPrintOnlyOnFailureTestExecutionListener@5811a538, org.springframework.boot.test.autoconfigure.web.servlet.WebDriverTestExecutionListener@313a828b, org.springframework.boot.test.autoconfigure.webservices.client.MockWebServiceServerTestExecutionListener@3fc5cf62]
2022-08-03 11:33:24.411  INFO 5844 --- [main] com.User.Controller.UserController       : User creation is started
2022-08-03 11:33:24.557  INFO 5844 --- [main] com.User.Controller.UserController       : User SuccessFully Created
2022-08-03 11:33:25.736  INFO 5844 --- [SpringApplicationShutdownHook] j.LocalContainerEntityManagerFactoryBean : Closing JPA EntityManagerFactory for persistence unit 'default'
2022-08-03 11:33:25.739  INFO 5844 --- [SpringApplicationShutdownHook] com.zaxxer.hikari.HikariDataSource       : HikariPool-1 - Shutdown initiated...
2022-08-03 11:33:25.759  INFO 5844 --- [SpringApplicationShutdownHook] com.zaxxer.hikari.HikariDataSource       : HikariPool-1 - Shutdown completed.
2022-08-03 11:33:25.801  INFO 5844 --- [SpringApplicationShutdownHook] j.LocalContainerEntityManagerFactoryBean : Closing JPA EntityManagerFactory for persistence unit 'default'
2022-08-03 11:33:25.802  INFO 5844 --- [SpringApplicationShutdownHook] com.zaxxer.hikari.HikariDataSource       : HikariPool-2 - Shutdown initiated...
2022-08-03 11:33:25.814  INFO 5844 --- [SpringApplicationShutdownHook] com.zaxxer.hikari.HikariDataSource       : HikariPool-2 - Shutdown completed.
2022-08-03 11:35:28.025  INFO 10444 --- [main] com.User.CrudApiApplicationTests         : Starting CrudApiApplicationTests using Java 17.0.1 on KAPR-HYD-00 with PID 10444 (started by kamal.prasad in C:\Users\kamal.prasad\Desktop\CrudApi)
2022-08-03 11:35:28.030  INFO 10444 --- [main] com.User.CrudApiApplicationTests         : No active profile set, falling back to 1 default profile: "default"
2022-08-03 11:35:30.165  INFO 10444 --- [main] .s.d.r.c.RepositoryConfigurationDelegate : Bootstrapping Spring Data JPA repositories in DEFAULT mode.
2022-08-03 11:35:30.284  INFO 10444 --- [main] .s.d.r.c.RepositoryConfigurationDelegate : Finished Spring Data repository scanning in 97 ms. Found 1 JPA repository interfaces.
2022-08-03 11:35:31.737  INFO 10444 --- [main] o.hibernate.jpa.internal.util.LogHelper  : HHH000204: Processing PersistenceUnitInfo [name: default]
2022-08-03 11:35:31.890  INFO 10444 --- [main] org.hibernate.Version                    : HHH000412: Hibernate ORM core version 5.6.10.Final
2022-08-03 11:35:32.376  INFO 10444 --- [main] o.hibernate.annotations.common.Version   : HCANN000001: Hibernate Commons Annotations {5.1.2.Final}
2022-08-03 11:35:41.347  INFO 10444 --- [main] com.zaxxer.hikari.HikariDataSource       : HikariPool-1 - Starting...
2022-08-03 11:35:42.048  INFO 10444 --- [main] com.zaxxer.hikari.HikariDataSource       : HikariPool-1 - Start completed.
2022-08-03 11:35:42.138  INFO 10444 --- [main] org.hibernate.dialect.Dialect            : HHH000400: Using dialect: org.hibernate.dialect.MySQL8Dialect
2022-08-03 11:35:43.568  INFO 10444 --- [main] o.h.e.t.j.p.i.JtaPlatformInitiator       : HHH000490: Using JtaPlatform implementation: [org.hibernate.engine.transaction.jta.platform.internal.NoJtaPlatform]
2022-08-03 11:35:43.591  INFO 10444 --- [main] j.LocalContainerEntityManagerFactoryBean : Initialized JPA EntityManagerFactory for persistence unit 'default'
2022-08-03 11:35:44.988  WARN 10444 --- [main] JpaBaseConfiguration$JpaWebConfiguration : spring.jpa.open-in-view is enabled by default. Therefore, database queries may be performed during view rendering. Explicitly configure spring.jpa.open-in-view to disable this warning
2022-08-03 11:35:45.628  INFO 10444 --- [main] pertySourcedRequestMappingHandlerMapping : Mapped URL path [/v2/api-docs] onto method [springfox.documentation.swagger2.web.Swagger2Controller#getDocumentation(String, HttpServletRequest)]
2022-08-03 11:35:48.031  INFO 10444 --- [main] o.s.b.t.m.w.SpringBootMockServletContext : Initializing Spring TestDispatcherServlet ''
2022-08-03 11:35:48.032  INFO 10444 --- [main] o.s.t.web.servlet.TestDispatcherServlet  : Initializing Servlet ''
2022-08-03 11:35:48.036  INFO 10444 --- [main] o.s.t.web.servlet.TestDispatcherServlet  : Completed initialization in 3 ms
2022-08-03 11:35:48.063  INFO 10444 --- [main] d.s.w.p.DocumentationPluginsBootstrapper : Context refreshed
2022-08-03 11:35:48.118  INFO 10444 --- [main] d.s.w.p.DocumentationPluginsBootstrapper : Found 1 custom documentation plugin(s)
2022-08-03 11:35:48.179  INFO 10444 --- [main] s.d.s.w.s.ApiListingReferenceScanner     : Scanning for api listing references
2022-08-03 11:35:48.519  INFO 10444 --- [main] .d.s.w.r.o.CachingOperationNameGenerator : Generating unique operation named: openapiJsonUsingGET_1
2022-08-03 11:35:48.618  INFO 10444 --- [main] com.User.CrudApiApplicationTests         : Started CrudApiApplicationTests in 21.4 seconds (JVM running for 25.339)
2022-08-03 11:35:49.146  INFO 10444 --- [main] com.User.CrudApiApplication              : Starting CrudApiApplication using Java 17.0.1 on KAPR-HYD-00 with PID 10444 (started by kamal.prasad in C:\Users\kamal.prasad\Desktop\CrudApi)
2022-08-03 11:35:49.146  INFO 10444 --- [main] com.User.CrudApiApplication              : No active profile set, falling back to 1 default profile: "default"
2022-08-03 11:35:49.593  INFO 10444 --- [main] .s.d.r.c.RepositoryConfigurationDelegate : Bootstrapping Spring Data JPA repositories in DEFAULT mode.
2022-08-03 11:35:49.608  INFO 10444 --- [main] .s.d.r.c.RepositoryConfigurationDelegate : Finished Spring Data repository scanning in 14 ms. Found 1 JPA repository interfaces.
2022-08-03 11:35:50.068  INFO 10444 --- [main] o.s.b.w.embedded.tomcat.TomcatWebServer  : Tomcat initialized with port(s): 9090 (http)
2022-08-03 11:35:50.093  INFO 10444 --- [main] o.apache.catalina.core.StandardService   : Starting service [Tomcat]
2022-08-03 11:35:50.094  INFO 10444 --- [main] org.apache.catalina.core.StandardEngine  : Starting Servlet engine: [Apache Tomcat/9.0.65]
2022-08-03 11:35:50.412  INFO 10444 --- [main] o.a.c.c.C.[Tomcat].[localhost].[/]       : Initializing Spring embedded WebApplicationContext
2022-08-03 11:35:50.413  INFO 10444 --- [main] w.s.c.ServletWebServerApplicationContext : Root WebApplicationContext: initialization completed in 1261 ms
2022-08-03 11:35:50.554  INFO 10444 --- [main] o.hibernate.jpa.internal.util.LogHelper  : HHH000204: Processing PersistenceUnitInfo [name: default]
2022-08-03 11:35:50.565  INFO 10444 --- [main] com.zaxxer.hikari.HikariDataSource       : HikariPool-2 - Starting...
2022-08-03 11:35:50.598  INFO 10444 --- [main] com.zaxxer.hikari.HikariDataSource       : HikariPool-2 - Start completed.
2022-08-03 11:35:50.599  INFO 10444 --- [main] org.hibernate.dialect.Dialect            : HHH000400: Using dialect: org.hibernate.dialect.MySQL8Dialect
2022-08-03 11:35:50.650  INFO 10444 --- [main] o.h.e.t.j.p.i.JtaPlatformInitiator       : HHH000490: Using JtaPlatform implementation: [org.hibernate.engine.transaction.jta.platform.internal.NoJtaPlatform]
2022-08-03 11:35:50.651  INFO 10444 --- [main] j.LocalContainerEntityManagerFactoryBean : Initialized JPA EntityManagerFactory for persistence unit 'default'
2022-08-03 11:35:50.905  WARN 10444 --- [main] JpaBaseConfiguration$JpaWebConfiguration : spring.jpa.open-in-view is enabled by default. Therefore, database queries may be performed during view rendering. Explicitly configure spring.jpa.open-in-view to disable this warning
2022-08-03 11:35:50.977  INFO 10444 --- [main] pertySourcedRequestMappingHandlerMapping : Mapped URL path [/v2/api-docs] onto method [springfox.documentation.swagger2.web.Swagger2Controller#getDocumentation(String, HttpServletRequest)]
2022-08-03 11:35:51.905  INFO 10444 --- [main] o.s.b.w.embedded.tomcat.TomcatWebServer  : Tomcat started on port(s): 9090 (http) with context path ''
2022-08-03 11:35:51.907  INFO 10444 --- [main] d.s.w.p.DocumentationPluginsBootstrapper : Context refreshed
2022-08-03 11:35:51.908  INFO 10444 --- [main] d.s.w.p.DocumentationPluginsBootstrapper : Found 1 custom documentation plugin(s)
2022-08-03 11:35:51.916  INFO 10444 --- [main] s.d.s.w.s.ApiListingReferenceScanner     : Scanning for api listing references
2022-08-03 11:35:51.989  INFO 10444 --- [main] .d.s.w.r.o.CachingOperationNameGenerator : Generating unique operation named: openapiJsonUsingGET_1
2022-08-03 11:35:52.025  INFO 10444 --- [main] com.User.CrudApiApplication              : Started CrudApiApplication in 2.927 seconds (JVM running for 28.746)
2022-08-03 11:35:52.062  INFO 10444 --- [main] .b.t.c.SpringBootTestContextBootstrapper : Neither @ContextConfiguration nor @ContextHierarchy found for test class [com.User.Controller.UserControllerTest], using SpringBootContextLoader
2022-08-03 11:35:52.063  INFO 10444 --- [main] o.s.t.c.support.AbstractContextLoader    : Could not detect default resource locations for test class [com.User.Controller.UserControllerTest]: no resource found for suffixes {-context.xml, Context.groovy}.
2022-08-03 11:35:52.064  INFO 10444 --- [main] t.c.s.AnnotationConfigContextLoaderUtils : Could not detect default configuration classes for test class [com.User.Controller.UserControllerTest]: UserControllerTest does not declare any static, non-private, non-final, nested classes annotated with @Configuration.
2022-08-03 11:35:52.083  INFO 10444 --- [main] .b.t.c.SpringBootTestContextBootstrapper : Found @SpringBootConfiguration com.User.CrudApiApplication for test class com.User.Controller.UserControllerTest
2022-08-03 11:35:52.087  INFO 10444 --- [main] .b.t.c.SpringBootTestContextBootstrapper : Loaded default TestExecutionListener class names from location [META-INF/spring.factories]: [org.springframework.boot.test.mock.mockito.MockitoTestExecutionListener, org.springframework.boot.test.mock.mockito.ResetMocksTestExecutionListener, org.springframework.boot.test.autoconfigure.restdocs.RestDocsTestExecutionListener, org.springframework.boot.test.autoconfigure.web.client.MockRestServiceServerResetTestExecutionListener, org.springframework.boot.test.autoconfigure.web.servlet.MockMvcPrintOnlyOnFailureTestExecutionListener, org.springframework.boot.test.autoconfigure.web.servlet.WebDriverTestExecutionListener, org.springframework.boot.test.autoconfigure.webservices.client.MockWebServiceServerTestExecutionListener, org.springframework.test.context.web.ServletTestExecutionListener, org.springframework.test.context.support.DirtiesContextBeforeModesTestExecutionListener, org.springframework.test.context.event.ApplicationEventsTestExecutionListener, org.springframework.test.context.support.DependencyInjectionTestExecutionListener, org.springframework.test.context.support.DirtiesContextTestExecutionListener, org.springframework.test.context.transaction.TransactionalTestExecutionListener, org.springframework.test.context.jdbc.SqlScriptsTestExecutionListener, org.springframework.test.context.event.EventPublishingTestExecutionListener]
2022-08-03 11:35:52.088  INFO 10444 --- [main] .b.t.c.SpringBootTestContextBootstrapper : Using TestExecutionListeners: [org.springframework.test.context.web.ServletTestExecutionListener@1648598e, org.springframework.test.context.support.DirtiesContextBeforeModesTestExecutionListener@1a6972d, org.springframework.test.context.event.ApplicationEventsTestExecutionListener@6921ff3e, org.springframework.boot.test.mock.mockito.MockitoTestExecutionListener@62070c10, org.springframework.boot.test.autoconfigure.SpringBootDependencyInjectionTestExecutionListener@3657adf7, org.springframework.test.context.support.DirtiesContextTestExecutionListener@37d5bef, org.springframework.test.context.transaction.TransactionalTestExecutionListener@65c39cb1, org.springframework.test.context.jdbc.SqlScriptsTestExecutionListener@3ffe6b95, org.springframework.test.context.event.EventPublishingTestExecutionListener@34cd5188, org.springframework.boot.test.mock.mockito.ResetMocksTestExecutionListener@5d06c6dd, org.springframework.boot.test.autoconfigure.restdocs.RestDocsTestExecutionListener@24d9efd8, org.springframework.boot.test.autoconfigure.web.client.MockRestServiceServerResetTestExecutionListener@68378a15, org.springframework.boot.test.autoconfigure.web.servlet.MockMvcPrintOnlyOnFailureTestExecutionListener@36a8d78a, org.springframework.boot.test.autoconfigure.web.servlet.WebDriverTestExecutionListener@5d73dfac, org.springframework.boot.test.autoconfigure.webservices.client.MockWebServiceServerTestExecutionListener@363f5cf5]
2022-08-03 11:35:52.796  INFO 10444 --- [main] com.User.Controller.UserController       : User creation is started
2022-08-03 11:35:52.918  INFO 10444 --- [main] com.User.Controller.UserController       : User SuccessFully Created
2022-08-03 11:35:54.091  INFO 10444 --- [SpringApplicationShutdownHook] j.LocalContainerEntityManagerFactoryBean : Closing JPA EntityManagerFactory for persistence unit 'default'
2022-08-03 11:35:54.094  INFO 10444 --- [SpringApplicationShutdownHook] com.zaxxer.hikari.HikariDataSource       : HikariPool-1 - Shutdown initiated...
2022-08-03 11:35:54.108  INFO 10444 --- [SpringApplicationShutdownHook] com.zaxxer.hikari.HikariDataSource       : HikariPool-1 - Shutdown completed.
2022-08-03 11:35:54.152  INFO 10444 --- [SpringApplicationShutdownHook] j.LocalContainerEntityManagerFactoryBean : Closing JPA EntityManagerFactory for persistence unit 'default'
2022-08-03 11:35:54.153  INFO 10444 --- [SpringApplicationShutdownHook] com.zaxxer.hikari.HikariDataSource       : HikariPool-2 - Shutdown initiated...
2022-08-03 11:35:54.165  INFO 10444 --- [SpringApplicationShutdownHook] com.zaxxer.hikari.HikariDataSource       : HikariPool-2 - Shutdown completed.
2022-08-03 11:38:04.457  INFO 11224 --- [main] com.User.CrudApiApplicationTests         : Starting CrudApiApplicationTests using Java 17.0.1 on KAPR-HYD-00 with PID 11224 (started by kamal.prasad in C:\Users\kamal.prasad\Desktop\CrudApi)
2022-08-03 11:38:04.460  INFO 11224 --- [main] com.User.CrudApiApplicationTests         : No active profile set, falling back to 1 default profile: "default"
2022-08-03 11:38:06.453  INFO 11224 --- [main] .s.d.r.c.RepositoryConfigurationDelegate : Bootstrapping Spring Data JPA repositories in DEFAULT mode.
2022-08-03 11:38:06.572  INFO 11224 --- [main] .s.d.r.c.RepositoryConfigurationDelegate : Finished Spring Data repository scanning in 100 ms. Found 1 JPA repository interfaces.
2022-08-03 11:38:07.994  INFO 11224 --- [main] o.hibernate.jpa.internal.util.LogHelper  : HHH000204: Processing PersistenceUnitInfo [name: default]
2022-08-03 11:38:08.136  INFO 11224 --- [main] org.hibernate.Version                    : HHH000412: Hibernate ORM core version 5.6.10.Final
2022-08-03 11:38:08.609  INFO 11224 --- [main] o.hibernate.annotations.common.Version   : HCANN000001: Hibernate Commons Annotations {5.1.2.Final}
2022-08-03 11:38:17.157  INFO 11224 --- [main] com.zaxxer.hikari.HikariDataSource       : HikariPool-1 - Starting...
2022-08-03 11:38:17.989  INFO 11224 --- [main] com.zaxxer.hikari.HikariDataSource       : HikariPool-1 - Start completed.
2022-08-03 11:38:18.081  INFO 11224 --- [main] org.hibernate.dialect.Dialect            : HHH000400: Using dialect: org.hibernate.dialect.MySQL8Dialect
2022-08-03 11:38:19.496  INFO 11224 --- [main] o.h.e.t.j.p.i.JtaPlatformInitiator       : HHH000490: Using JtaPlatform implementation: [org.hibernate.engine.transaction.jta.platform.internal.NoJtaPlatform]
2022-08-03 11:38:19.515  INFO 11224 --- [main] j.LocalContainerEntityManagerFactoryBean : Initialized JPA EntityManagerFactory for persistence unit 'default'
2022-08-03 11:38:20.878  WARN 11224 --- [main] JpaBaseConfiguration$JpaWebConfiguration : spring.jpa.open-in-view is enabled by default. Therefore, database queries may be performed during view rendering. Explicitly configure spring.jpa.open-in-view to disable this warning
2022-08-03 11:38:21.542  INFO 11224 --- [main] pertySourcedRequestMappingHandlerMapping : Mapped URL path [/v2/api-docs] onto method [springfox.documentation.swagger2.web.Swagger2Controller#getDocumentation(String, HttpServletRequest)]
2022-08-03 11:38:23.868  INFO 11224 --- [main] o.s.b.t.m.w.SpringBootMockServletContext : Initializing Spring TestDispatcherServlet ''
2022-08-03 11:38:23.868  INFO 11224 --- [main] o.s.t.web.servlet.TestDispatcherServlet  : Initializing Servlet ''
2022-08-03 11:38:23.871  INFO 11224 --- [main] o.s.t.web.servlet.TestDispatcherServlet  : Completed initialization in 2 ms
2022-08-03 11:38:23.902  INFO 11224 --- [main] d.s.w.p.DocumentationPluginsBootstrapper : Context refreshed
2022-08-03 11:38:23.953  INFO 11224 --- [main] d.s.w.p.DocumentationPluginsBootstrapper : Found 1 custom documentation plugin(s)
2022-08-03 11:38:24.013  INFO 11224 --- [main] s.d.s.w.s.ApiListingReferenceScanner     : Scanning for api listing references
2022-08-03 11:38:24.383  INFO 11224 --- [main] .d.s.w.r.o.CachingOperationNameGenerator : Generating unique operation named: openapiJsonUsingGET_1
2022-08-03 11:38:24.488  INFO 11224 --- [main] com.User.CrudApiApplicationTests         : Started CrudApiApplicationTests in 20.914 seconds (JVM running for 24.621)
2022-08-03 11:38:25.227  INFO 11224 --- [main] com.User.CrudApiApplication              : Starting CrudApiApplication using Java 17.0.1 on KAPR-HYD-00 with PID 11224 (started by kamal.prasad in C:\Users\kamal.prasad\Desktop\CrudApi)
2022-08-03 11:38:25.228  INFO 11224 --- [main] com.User.CrudApiApplication              : No active profile set, falling back to 1 default profile: "default"
2022-08-03 11:38:25.729  INFO 11224 --- [main] .s.d.r.c.RepositoryConfigurationDelegate : Bootstrapping Spring Data JPA repositories in DEFAULT mode.
2022-08-03 11:38:25.747  INFO 11224 --- [main] .s.d.r.c.RepositoryConfigurationDelegate : Finished Spring Data repository scanning in 17 ms. Found 1 JPA repository interfaces.
2022-08-03 11:38:26.136  INFO 11224 --- [main] o.s.b.w.embedded.tomcat.TomcatWebServer  : Tomcat initialized with port(s): 9090 (http)
2022-08-03 11:38:26.161  INFO 11224 --- [main] o.apache.catalina.core.StandardService   : Starting service [Tomcat]
2022-08-03 11:38:26.162  INFO 11224 --- [main] org.apache.catalina.core.StandardEngine  : Starting Servlet engine: [Apache Tomcat/9.0.65]
2022-08-03 11:38:26.476  INFO 11224 --- [main] o.a.c.c.C.[Tomcat].[localhost].[/]       : Initializing Spring embedded WebApplicationContext
2022-08-03 11:38:26.477  INFO 11224 --- [main] w.s.c.ServletWebServerApplicationContext : Root WebApplicationContext: initialization completed in 1239 ms
2022-08-03 11:38:26.640  INFO 11224 --- [main] o.hibernate.jpa.internal.util.LogHelper  : HHH000204: Processing PersistenceUnitInfo [name: default]
2022-08-03 11:38:26.651  INFO 11224 --- [main] com.zaxxer.hikari.HikariDataSource       : HikariPool-2 - Starting...
2022-08-03 11:38:26.676  INFO 11224 --- [main] com.zaxxer.hikari.HikariDataSource       : HikariPool-2 - Start completed.
2022-08-03 11:38:26.678  INFO 11224 --- [main] org.hibernate.dialect.Dialect            : HHH000400: Using dialect: org.hibernate.dialect.MySQL8Dialect
2022-08-03 11:38:26.738  INFO 11224 --- [main] o.h.e.t.j.p.i.JtaPlatformInitiator       : HHH000490: Using JtaPlatform implementation: [org.hibernate.engine.transaction.jta.platform.internal.NoJtaPlatform]
2022-08-03 11:38:26.738  INFO 11224 --- [main] j.LocalContainerEntityManagerFactoryBean : Initialized JPA EntityManagerFactory for persistence unit 'default'
2022-08-03 11:38:26.979  WARN 11224 --- [main] JpaBaseConfiguration$JpaWebConfiguration : spring.jpa.open-in-view is enabled by default. Therefore, database queries may be performed during view rendering. Explicitly configure spring.jpa.open-in-view to disable this warning
2022-08-03 11:38:27.048  INFO 11224 --- [main] pertySourcedRequestMappingHandlerMapping : Mapped URL path [/v2/api-docs] onto method [springfox.documentation.swagger2.web.Swagger2Controller#getDocumentation(String, HttpServletRequest)]
2022-08-03 11:38:27.912  INFO 11224 --- [main] o.s.b.w.embedded.tomcat.TomcatWebServer  : Tomcat started on port(s): 9090 (http) with context path ''
2022-08-03 11:38:27.914  INFO 11224 --- [main] d.s.w.p.DocumentationPluginsBootstrapper : Context refreshed
2022-08-03 11:38:27.915  INFO 11224 --- [main] d.s.w.p.DocumentationPluginsBootstrapper : Found 1 custom documentation plugin(s)
2022-08-03 11:38:27.926  INFO 11224 --- [main] s.d.s.w.s.ApiListingReferenceScanner     : Scanning for api listing references
2022-08-03 11:38:27.990  INFO 11224 --- [main] .d.s.w.r.o.CachingOperationNameGenerator : Generating unique operation named: openapiJsonUsingGET_1
2022-08-03 11:38:28.015  INFO 11224 --- [main] com.User.CrudApiApplication              : Started CrudApiApplication in 2.877 seconds (JVM running for 28.148)
2022-08-03 11:38:28.072  INFO 11224 --- [main] .b.t.c.SpringBootTestContextBootstrapper : Neither @ContextConfiguration nor @ContextHierarchy found for test class [com.User.Controller.UserControllerTest], using SpringBootContextLoader
2022-08-03 11:38:28.073  INFO 11224 --- [main] o.s.t.c.support.AbstractContextLoader    : Could not detect default resource locations for test class [com.User.Controller.UserControllerTest]: no resource found for suffixes {-context.xml, Context.groovy}.
2022-08-03 11:38:28.074  INFO 11224 --- [main] t.c.s.AnnotationConfigContextLoaderUtils : Could not detect default configuration classes for test class [com.User.Controller.UserControllerTest]: UserControllerTest does not declare any static, non-private, non-final, nested classes annotated with @Configuration.
2022-08-03 11:38:28.089  INFO 11224 --- [main] .b.t.c.SpringBootTestContextBootstrapper : Found @SpringBootConfiguration com.User.CrudApiApplication for test class com.User.Controller.UserControllerTest
2022-08-03 11:38:28.092  INFO 11224 --- [main] .b.t.c.SpringBootTestContextBootstrapper : Loaded default TestExecutionListener class names from location [META-INF/spring.factories]: [org.springframework.boot.test.mock.mockito.MockitoTestExecutionListener, org.springframework.boot.test.mock.mockito.ResetMocksTestExecutionListener, org.springframework.boot.test.autoconfigure.restdocs.RestDocsTestExecutionListener, org.springframework.boot.test.autoconfigure.web.client.MockRestServiceServerResetTestExecutionListener, org.springframework.boot.test.autoconfigure.web.servlet.MockMvcPrintOnlyOnFailureTestExecutionListener, org.springframework.boot.test.autoconfigure.web.servlet.WebDriverTestExecutionListener, org.springframework.boot.test.autoconfigure.webservices.client.MockWebServiceServerTestExecutionListener, org.springframework.test.context.web.ServletTestExecutionListener, org.springframework.test.context.support.DirtiesContextBeforeModesTestExecutionListener, org.springframework.test.context.event.ApplicationEventsTestExecutionListener, org.springframework.test.context.support.DependencyInjectionTestExecutionListener, org.springframework.test.context.support.DirtiesContextTestExecutionListener, org.springframework.test.context.transaction.TransactionalTestExecutionListener, org.springframework.test.context.jdbc.SqlScriptsTestExecutionListener, org.springframework.test.context.event.EventPublishingTestExecutionListener]
2022-08-03 11:38:28.093  INFO 11224 --- [main] .b.t.c.SpringBootTestContextBootstrapper : Using TestExecutionListeners: [org.springframework.test.context.web.ServletTestExecutionListener@2997ddcf, org.springframework.test.context.support.DirtiesContextBeforeModesTestExecutionListener@7cd287a0, org.springframework.test.context.event.ApplicationEventsTestExecutionListener@13f31bd9, org.springframework.boot.test.mock.mockito.MockitoTestExecutionListener@1648598e, org.springframework.boot.test.autoconfigure.SpringBootDependencyInjectionTestExecutionListener@1a6972d, org.springframework.test.context.support.DirtiesContextTestExecutionListener@6921ff3e, org.springframework.test.context.transaction.TransactionalTestExecutionListener@62070c10, org.springframework.test.context.jdbc.SqlScriptsTestExecutionListener@3657adf7, org.springframework.test.context.event.EventPublishingTestExecutionListener@37d5bef, org.springframework.boot.test.mock.mockito.ResetMocksTestExecutionListener@65c39cb1, org.springframework.boot.test.autoconfigure.restdocs.RestDocsTestExecutionListener@3ffe6b95, org.springframework.boot.test.autoconfigure.web.client.MockRestServiceServerResetTestExecutionListener@34cd5188, org.springframework.boot.test.autoconfigure.web.servlet.MockMvcPrintOnlyOnFailureTestExecutionListener@5d06c6dd, org.springframework.boot.test.autoconfigure.web.servlet.WebDriverTestExecutionListener@24d9efd8, org.springframework.boot.test.autoconfigure.webservices.client.MockWebServiceServerTestExecutionListener@68378a15]
2022-08-03 11:38:28.851  INFO 11224 --- [main] com.User.Controller.UserController       : User creation is started
2022-08-03 11:38:28.940  INFO 11224 --- [main] com.User.Controller.UserController       : User SuccessFully Created
2022-08-03 11:38:29.986  INFO 11224 --- [SpringApplicationShutdownHook] j.LocalContainerEntityManagerFactoryBean : Closing JPA EntityManagerFactory for persistence unit 'default'
2022-08-03 11:38:29.989  INFO 11224 --- [SpringApplicationShutdownHook] com.zaxxer.hikari.HikariDataSource       : HikariPool-1 - Shutdown initiated...
2022-08-03 11:38:30.004  INFO 11224 --- [SpringApplicationShutdownHook] com.zaxxer.hikari.HikariDataSource       : HikariPool-1 - Shutdown completed.
2022-08-03 11:38:30.066  INFO 11224 --- [SpringApplicationShutdownHook] j.LocalContainerEntityManagerFactoryBean : Closing JPA EntityManagerFactory for persistence unit 'default'
2022-08-03 11:38:30.068  INFO 11224 --- [SpringApplicationShutdownHook] com.zaxxer.hikari.HikariDataSource       : HikariPool-2 - Shutdown initiated...
2022-08-03 11:38:30.079  INFO 11224 --- [SpringApplicationShutdownHook] com.zaxxer.hikari.HikariDataSource       : HikariPool-2 - Shutdown completed.
2022-08-03 11:42:56.051  INFO 7696 --- [main] com.User.CrudApiApplicationTests         : Starting CrudApiApplicationTests using Java 17.0.1 on KAPR-HYD-00 with PID 7696 (started by kamal.prasad in C:\Users\kamal.prasad\Desktop\CrudApi)
2022-08-03 11:42:56.055  INFO 7696 --- [main] com.User.CrudApiApplicationTests         : No active profile set, falling back to 1 default profile: "default"
2022-08-03 11:42:58.053  INFO 7696 --- [main] .s.d.r.c.RepositoryConfigurationDelegate : Bootstrapping Spring Data JPA repositories in DEFAULT mode.
2022-08-03 11:42:58.172  INFO 7696 --- [main] .s.d.r.c.RepositoryConfigurationDelegate : Finished Spring Data repository scanning in 97 ms. Found 1 JPA repository interfaces.
2022-08-03 11:42:59.523  INFO 7696 --- [main] o.hibernate.jpa.internal.util.LogHelper  : HHH000204: Processing PersistenceUnitInfo [name: default]
2022-08-03 11:42:59.650  INFO 7696 --- [main] org.hibernate.Version                    : HHH000412: Hibernate ORM core version 5.6.10.Final
2022-08-03 11:43:00.088  INFO 7696 --- [main] o.hibernate.annotations.common.Version   : HCANN000001: Hibernate Commons Annotations {5.1.2.Final}
2022-08-03 11:43:09.156  INFO 7696 --- [main] com.zaxxer.hikari.HikariDataSource       : HikariPool-1 - Starting...
2022-08-03 11:43:09.946  INFO 7696 --- [main] com.zaxxer.hikari.HikariDataSource       : HikariPool-1 - Start completed.
2022-08-03 11:43:10.044  INFO 7696 --- [main] org.hibernate.dialect.Dialect            : HHH000400: Using dialect: org.hibernate.dialect.MySQL8Dialect
2022-08-03 11:43:11.578  INFO 7696 --- [main] o.h.e.t.j.p.i.JtaPlatformInitiator       : HHH000490: Using JtaPlatform implementation: [org.hibernate.engine.transaction.jta.platform.internal.NoJtaPlatform]
2022-08-03 11:43:11.601  INFO 7696 --- [main] j.LocalContainerEntityManagerFactoryBean : Initialized JPA EntityManagerFactory for persistence unit 'default'
2022-08-03 11:43:13.033  WARN 7696 --- [main] JpaBaseConfiguration$JpaWebConfiguration : spring.jpa.open-in-view is enabled by default. Therefore, database queries may be performed during view rendering. Explicitly configure spring.jpa.open-in-view to disable this warning
2022-08-03 11:43:13.726  INFO 7696 --- [main] pertySourcedRequestMappingHandlerMapping : Mapped URL path [/v2/api-docs] onto method [springfox.documentation.swagger2.web.Swagger2Controller#getDocumentation(String, HttpServletRequest)]
2022-08-03 11:43:16.203  INFO 7696 --- [main] o.s.b.t.m.w.SpringBootMockServletContext : Initializing Spring TestDispatcherServlet ''
2022-08-03 11:43:16.204  INFO 7696 --- [main] o.s.t.web.servlet.TestDispatcherServlet  : Initializing Servlet ''
2022-08-03 11:43:16.206  INFO 7696 --- [main] o.s.t.web.servlet.TestDispatcherServlet  : Completed initialization in 2 ms
2022-08-03 11:43:16.234  INFO 7696 --- [main] d.s.w.p.DocumentationPluginsBootstrapper : Context refreshed
2022-08-03 11:43:16.292  INFO 7696 --- [main] d.s.w.p.DocumentationPluginsBootstrapper : Found 1 custom documentation plugin(s)
2022-08-03 11:43:16.342  INFO 7696 --- [main] s.d.s.w.s.ApiListingReferenceScanner     : Scanning for api listing references
2022-08-03 11:43:16.719  INFO 7696 --- [main] .d.s.w.r.o.CachingOperationNameGenerator : Generating unique operation named: openapiJsonUsingGET_1
2022-08-03 11:43:16.910  INFO 7696 --- [main] com.User.CrudApiApplicationTests         : Started CrudApiApplicationTests in 21.674 seconds (JVM running for 25.406)
2022-08-03 11:43:17.430  INFO 7696 --- [main] com.User.CrudApiApplication              : Starting CrudApiApplication using Java 17.0.1 on KAPR-HYD-00 with PID 7696 (started by kamal.prasad in C:\Users\kamal.prasad\Desktop\CrudApi)
2022-08-03 11:43:17.430  INFO 7696 --- [main] com.User.CrudApiApplication              : No active profile set, falling back to 1 default profile: "default"
2022-08-03 11:43:17.906  INFO 7696 --- [main] .s.d.r.c.RepositoryConfigurationDelegate : Bootstrapping Spring Data JPA repositories in DEFAULT mode.
2022-08-03 11:43:17.921  INFO 7696 --- [main] .s.d.r.c.RepositoryConfigurationDelegate : Finished Spring Data repository scanning in 14 ms. Found 1 JPA repository interfaces.
2022-08-03 11:43:18.324  INFO 7696 --- [main] o.s.b.w.embedded.tomcat.TomcatWebServer  : Tomcat initialized with port(s): 9090 (http)
2022-08-03 11:43:18.349  INFO 7696 --- [main] o.apache.catalina.core.StandardService   : Starting service [Tomcat]
2022-08-03 11:43:18.349  INFO 7696 --- [main] org.apache.catalina.core.StandardEngine  : Starting Servlet engine: [Apache Tomcat/9.0.65]
2022-08-03 11:43:18.639  INFO 7696 --- [main] o.a.c.c.C.[Tomcat].[localhost].[/]       : Initializing Spring embedded WebApplicationContext
2022-08-03 11:43:18.640  INFO 7696 --- [main] w.s.c.ServletWebServerApplicationContext : Root WebApplicationContext: initialization completed in 1202 ms
2022-08-03 11:43:18.775  INFO 7696 --- [main] o.hibernate.jpa.internal.util.LogHelper  : HHH000204: Processing PersistenceUnitInfo [name: default]
2022-08-03 11:43:18.785  INFO 7696 --- [main] com.zaxxer.hikari.HikariDataSource       : HikariPool-2 - Starting...
2022-08-03 11:43:18.820  INFO 7696 --- [main] com.zaxxer.hikari.HikariDataSource       : HikariPool-2 - Start completed.
2022-08-03 11:43:18.821  INFO 7696 --- [main] org.hibernate.dialect.Dialect            : HHH000400: Using dialect: org.hibernate.dialect.MySQL8Dialect
2022-08-03 11:43:18.875  INFO 7696 --- [main] o.h.e.t.j.p.i.JtaPlatformInitiator       : HHH000490: Using JtaPlatform implementation: [org.hibernate.engine.transaction.jta.platform.internal.NoJtaPlatform]
2022-08-03 11:43:18.876  INFO 7696 --- [main] j.LocalContainerEntityManagerFactoryBean : Initialized JPA EntityManagerFactory for persistence unit 'default'
2022-08-03 11:43:19.139  WARN 7696 --- [main] JpaBaseConfiguration$JpaWebConfiguration : spring.jpa.open-in-view is enabled by default. Therefore, database queries may be performed during view rendering. Explicitly configure spring.jpa.open-in-view to disable this warning
2022-08-03 11:43:19.210  INFO 7696 --- [main] pertySourcedRequestMappingHandlerMapping : Mapped URL path [/v2/api-docs] onto method [springfox.documentation.swagger2.web.Swagger2Controller#getDocumentation(String, HttpServletRequest)]
2022-08-03 11:43:20.053  INFO 7696 --- [main] o.s.b.w.embedded.tomcat.TomcatWebServer  : Tomcat started on port(s): 9090 (http) with context path ''
2022-08-03 11:43:20.055  INFO 7696 --- [main] d.s.w.p.DocumentationPluginsBootstrapper : Context refreshed
2022-08-03 11:43:20.056  INFO 7696 --- [main] d.s.w.p.DocumentationPluginsBootstrapper : Found 1 custom documentation plugin(s)
2022-08-03 11:43:20.065  INFO 7696 --- [main] s.d.s.w.s.ApiListingReferenceScanner     : Scanning for api listing references
2022-08-03 11:43:20.171  INFO 7696 --- [main] .d.s.w.r.o.CachingOperationNameGenerator : Generating unique operation named: openapiJsonUsingGET_1
2022-08-03 11:43:20.198  INFO 7696 --- [main] com.User.CrudApiApplication              : Started CrudApiApplication in 2.826 seconds (JVM running for 28.694)
2022-08-03 11:43:20.235  INFO 7696 --- [main] .b.t.c.SpringBootTestContextBootstrapper : Neither @ContextConfiguration nor @ContextHierarchy found for test class [com.User.Controller.UserControllerTest], using SpringBootContextLoader
2022-08-03 11:43:20.237  INFO 7696 --- [main] o.s.t.c.support.AbstractContextLoader    : Could not detect default resource locations for test class [com.User.Controller.UserControllerTest]: no resource found for suffixes {-context.xml, Context.groovy}.
2022-08-03 11:43:20.237  INFO 7696 --- [main] t.c.s.AnnotationConfigContextLoaderUtils : Could not detect default configuration classes for test class [com.User.Controller.UserControllerTest]: UserControllerTest does not declare any static, non-private, non-final, nested classes annotated with @Configuration.
2022-08-03 11:43:20.256  INFO 7696 --- [main] .b.t.c.SpringBootTestContextBootstrapper : Found @SpringBootConfiguration com.User.CrudApiApplication for test class com.User.Controller.UserControllerTest
2022-08-03 11:43:20.259  INFO 7696 --- [main] .b.t.c.SpringBootTestContextBootstrapper : Loaded default TestExecutionListener class names from location [META-INF/spring.factories]: [org.springframework.boot.test.mock.mockito.MockitoTestExecutionListener, org.springframework.boot.test.mock.mockito.ResetMocksTestExecutionListener, org.springframework.boot.test.autoconfigure.restdocs.RestDocsTestExecutionListener, org.springframework.boot.test.autoconfigure.web.client.MockRestServiceServerResetTestExecutionListener, org.springframework.boot.test.autoconfigure.web.servlet.MockMvcPrintOnlyOnFailureTestExecutionListener, org.springframework.boot.test.autoconfigure.web.servlet.WebDriverTestExecutionListener, org.springframework.boot.test.autoconfigure.webservices.client.MockWebServiceServerTestExecutionListener, org.springframework.test.context.web.ServletTestExecutionListener, org.springframework.test.context.support.DirtiesContextBeforeModesTestExecutionListener, org.springframework.test.context.event.ApplicationEventsTestExecutionListener, org.springframework.test.context.support.DependencyInjectionTestExecutionListener, org.springframework.test.context.support.DirtiesContextTestExecutionListener, org.springframework.test.context.transaction.TransactionalTestExecutionListener, org.springframework.test.context.jdbc.SqlScriptsTestExecutionListener, org.springframework.test.context.event.EventPublishingTestExecutionListener]
2022-08-03 11:43:20.261  INFO 7696 --- [main] .b.t.c.SpringBootTestContextBootstrapper : Using TestExecutionListeners: [org.springframework.test.context.web.ServletTestExecutionListener@35badbfc, org.springframework.test.context.support.DirtiesContextBeforeModesTestExecutionListener@243350ec, org.springframework.test.context.event.ApplicationEventsTestExecutionListener@17ccb29, org.springframework.boot.test.mock.mockito.MockitoTestExecutionListener@17b31e55, org.springframework.boot.test.autoconfigure.SpringBootDependencyInjectionTestExecutionListener@74b54264, org.springframework.test.context.support.DirtiesContextTestExecutionListener@4abfc82e, org.springframework.test.context.transaction.TransactionalTestExecutionListener@2d7d77d3, org.springframework.test.context.jdbc.SqlScriptsTestExecutionListener@22b3859f, org.springframework.test.context.event.EventPublishingTestExecutionListener@7ccb55cf, org.springframework.boot.test.mock.mockito.ResetMocksTestExecutionListener@48011cc0, org.springframework.boot.test.autoconfigure.restdocs.RestDocsTestExecutionListener@e0439fc, org.springframework.boot.test.autoconfigure.web.client.MockRestServiceServerResetTestExecutionListener@30a5cade, org.springframework.boot.test.autoconfigure.web.servlet.MockMvcPrintOnlyOnFailureTestExecutionListener@16e69428, org.springframework.boot.test.autoconfigure.web.servlet.WebDriverTestExecutionListener@56417d28, org.springframework.boot.test.autoconfigure.webservices.client.MockWebServiceServerTestExecutionListener@792575c5]
2022-08-03 11:43:20.863  INFO 7696 --- [main] com.User.Controller.UserController       : User creation is started
2022-08-03 11:43:20.944  INFO 7696 --- [main] com.User.Controller.UserController       : User SuccessFully Created
2022-08-03 11:43:21.973  INFO 7696 --- [SpringApplicationShutdownHook] j.LocalContainerEntityManagerFactoryBean : Closing JPA EntityManagerFactory for persistence unit 'default'
2022-08-03 11:43:21.975  INFO 7696 --- [SpringApplicationShutdownHook] com.zaxxer.hikari.HikariDataSource       : HikariPool-1 - Shutdown initiated...
2022-08-03 11:43:21.993  INFO 7696 --- [SpringApplicationShutdownHook] com.zaxxer.hikari.HikariDataSource       : HikariPool-1 - Shutdown completed.
2022-08-03 11:43:22.035  INFO 7696 --- [SpringApplicationShutdownHook] j.LocalContainerEntityManagerFactoryBean : Closing JPA EntityManagerFactory for persistence unit 'default'
2022-08-03 11:43:22.037  INFO 7696 --- [SpringApplicationShutdownHook] com.zaxxer.hikari.HikariDataSource       : HikariPool-2 - Shutdown initiated...
2022-08-03 11:43:22.047  INFO 7696 --- [SpringApplicationShutdownHook] com.zaxxer.hikari.HikariDataSource       : HikariPool-2 - Shutdown completed.
2022-08-03 12:22:40.715  INFO 9444 --- [main] com.User.CrudApiApplication              : Starting CrudApiApplication using Java 17.0.1 on KAPR-HYD-00 with PID 9444 (C:\Users\kamal.prasad\Desktop\CrudApi\target\classes started by kamal.prasad in C:\Users\kamal.prasad\Desktop\CrudApi)
2022-08-03 12:22:40.720  INFO 9444 --- [main] com.User.CrudApiApplication              : No active profile set, falling back to 1 default profile: "default"
2022-08-03 12:22:42.028  INFO 9444 --- [main] .s.d.r.c.RepositoryConfigurationDelegate : Bootstrapping Spring Data JPA repositories in DEFAULT mode.
2022-08-03 12:22:42.115  INFO 9444 --- [main] .s.d.r.c.RepositoryConfigurationDelegate : Finished Spring Data repository scanning in 72 ms. Found 1 JPA repository interfaces.
2022-08-03 12:22:42.889  INFO 9444 --- [main] o.s.b.w.embedded.tomcat.TomcatWebServer  : Tomcat initialized with port(s): 9090 (http)
2022-08-03 12:22:42.899  INFO 9444 --- [main] o.apache.catalina.core.StandardService   : Starting service [Tomcat]
2022-08-03 12:22:42.899  INFO 9444 --- [main] org.apache.catalina.core.StandardEngine  : Starting Servlet engine: [Apache Tomcat/9.0.65]
2022-08-03 12:22:43.129  INFO 9444 --- [main] o.a.c.c.C.[Tomcat].[localhost].[/]       : Initializing Spring embedded WebApplicationContext
2022-08-03 12:22:43.130  INFO 9444 --- [main] w.s.c.ServletWebServerApplicationContext : Root WebApplicationContext: initialization completed in 2344 ms
2022-08-03 12:22:43.338  INFO 9444 --- [main] o.hibernate.jpa.internal.util.LogHelper  : HHH000204: Processing PersistenceUnitInfo [name: default]
2022-08-03 12:22:43.396  INFO 9444 --- [main] org.hibernate.Version                    : HHH000412: Hibernate ORM core version 5.6.10.Final
2022-08-03 12:22:43.573  INFO 9444 --- [main] o.hibernate.annotations.common.Version   : HCANN000001: Hibernate Commons Annotations {5.1.2.Final}
2022-08-03 12:22:43.694  INFO 9444 --- [main] com.zaxxer.hikari.HikariDataSource       : HikariPool-1 - Starting...
2022-08-03 12:22:44.133  INFO 9444 --- [main] com.zaxxer.hikari.HikariDataSource       : HikariPool-1 - Start completed.
2022-08-03 12:22:44.173  INFO 9444 --- [main] org.hibernate.dialect.Dialect            : HHH000400: Using dialect: org.hibernate.dialect.MySQL8Dialect
2022-08-03 12:22:44.956  INFO 9444 --- [main] o.h.e.t.j.p.i.JtaPlatformInitiator       : HHH000490: Using JtaPlatform implementation: [org.hibernate.engine.transaction.jta.platform.internal.NoJtaPlatform]
2022-08-03 12:22:44.966  INFO 9444 --- [main] j.LocalContainerEntityManagerFactoryBean : Initialized JPA EntityManagerFactory for persistence unit 'default'
2022-08-03 12:22:45.668  WARN 9444 --- [main] JpaBaseConfiguration$JpaWebConfiguration : spring.jpa.open-in-view is enabled by default. Therefore, database queries may be performed during view rendering. Explicitly configure spring.jpa.open-in-view to disable this warning
2022-08-03 12:22:45.898  INFO 9444 --- [main] pertySourcedRequestMappingHandlerMapping : Mapped URL path [/v2/api-docs] onto method [springfox.documentation.swagger2.web.Swagger2Controller#getDocumentation(String, HttpServletRequest)]
2022-08-03 12:22:46.945  INFO 9444 --- [main] o.s.b.w.embedded.tomcat.TomcatWebServer  : Tomcat started on port(s): 9090 (http) with context path ''
2022-08-03 12:22:46.947  INFO 9444 --- [main] d.s.w.p.DocumentationPluginsBootstrapper : Context refreshed
2022-08-03 12:22:46.994  INFO 9444 --- [main] d.s.w.p.DocumentationPluginsBootstrapper : Found 1 custom documentation plugin(s)
2022-08-03 12:22:47.054  INFO 9444 --- [main] s.d.s.w.s.ApiListingReferenceScanner     : Scanning for api listing references
2022-08-03 12:22:47.250  INFO 9444 --- [main] .d.s.w.r.o.CachingOperationNameGenerator : Generating unique operation named: openapiJsonUsingGET_1
2022-08-03 12:22:47.300  INFO 9444 --- [main] com.User.CrudApiApplication              : Started CrudApiApplication in 7.088 seconds (JVM running for 16.842)
